[2019-02-21 14:50:32,459](INFO)POINT_USE : POINT_USE service started at 20190221145032
[2019-02-21 14:50:32,459](INFO)POINT_USE : Input data: {'crd_no': '1234123412341234', 'mcht_no': '20008795', 'deal_amt': 12}
[2019-02-21 14:50:32,489](INFO)POINT_USE : [crd_no: 1234123412341234][crd_sts: A]
[2019-02-21 14:50:32,492](INFO)POINT_USE : [crd_no: 1234123412341234][mbr_id: 1207151000]
[2019-02-21 14:50:32,495](INFO)POINT_USE : [mbr_id: 1207151000][mbr_sts: A]
[2019-02-21 14:50:32,497](INFO)POINT_USE : [mcht_no: 20008795][mcht_sts: A]
[2019-02-21 14:50:32,499](INFO)POINT_USE : [mbr_id: 1207151000][point: 8444]
[2019-02-21 14:50:32,513](INFO)POINT_USE : Approve info from external API: {'aprv_dy': '20190228', 'aprv_tm': '000000', 'rep_aprv_no': 'F8231231'}
[2019-02-21 14:50:32,513](INFO)POINT_USE : POINT_USE service finished at 20190221145032
[2019-02-21 14:50:32,513](INFO)POINT_USE : Elapsed time: 0.05352592468261719
[2019-02-21 14:50:47,121](INFO)POINT_USE : POINT_USE service started at 20190221145047
[2019-02-21 14:50:47,122](INFO)POINT_USE : Input data: {'crd_no': '1234123412341234', 'mcht_no': '20008795', 'deal_amt': 12}
[2019-02-21 14:50:47,127](INFO)POINT_USE : [crd_no: 1234123412341234][crd_sts: A]
[2019-02-21 14:50:47,128](INFO)POINT_USE : [crd_no: 1234123412341234][mbr_id: 1207151000]
[2019-02-21 14:50:47,129](INFO)POINT_USE : [mbr_id: 1207151000][mbr_sts: A]
[2019-02-21 14:50:47,129](INFO)POINT_USE : [mcht_no: 20008795][mcht_sts: A]
[2019-02-21 14:50:47,131](INFO)POINT_USE : [mbr_id: 1207151000][point: 8432]
[2019-02-21 14:50:47,134](INFO)POINT_USE : Approve info from external API: {'aprv_dy': '20190228', 'aprv_tm': '000000', 'rep_aprv_no': 'F8231231'}
[2019-02-21 14:50:47,134](INFO)POINT_USE : POINT_USE service finished at 20190221145047
[2019-02-21 14:50:47,135](INFO)POINT_USE : Elapsed time: 0.012902259826660156
[2019-02-21 15:00:08,744](INFO)POINT_USE : POINT_USE service started at 20190221150008
[2019-02-21 15:00:08,745](INFO)POINT_USE : Input data: {'crd_no': '1234123412341234', 'mcht_no': '20008795', 'deal_amt': 12}
[2019-02-21 15:00:08,759](INFO)POINT_USE : [crd_no: 1234123412341234][crd_sts: A]
[2019-02-21 15:00:08,760](INFO)POINT_USE : [crd_no: 1234123412341234][mbr_id: 1207151000]
[2019-02-21 15:00:08,761](INFO)POINT_USE : [mbr_id: 1207151000][mbr_sts: A]
[2019-02-21 15:00:08,762](INFO)POINT_USE : [mcht_no: 20008795][mcht_sts: A]
[2019-02-21 15:00:08,764](INFO)POINT_USE : [mbr_id: 1207151000][point: 8420]
[2019-02-21 15:00:08,773](INFO)POINT_USE : Approve info from external API: {'aprv_dy': '20190228', 'aprv_tm': '000000', 'rep_aprv_no': 'F8231231'}
[2019-02-21 15:00:08,773](INFO)POINT_USE : POINT_USE service finished at 20190221150008
[2019-02-21 15:00:08,773](INFO)POINT_USE : Elapsed time: 0.028106689453125
[2019-02-21 15:00:14,312](INFO)POINT_USE : POINT_USE service started at 20190221150014
[2019-02-21 15:00:14,312](INFO)POINT_USE : Input data: {'crd_no': '1234123412341234', 'mcht_no': '20008795', 'deal_amt': 12}
[2019-02-21 15:00:14,325](INFO)POINT_USE : [crd_no: 1234123412341234][crd_sts: A]
[2019-02-21 15:00:14,326](INFO)POINT_USE : [crd_no: 1234123412341234][mbr_id: 1207151000]
[2019-02-21 15:00:14,328](INFO)POINT_USE : [mbr_id: 1207151000][mbr_sts: A]
[2019-02-21 15:00:14,329](INFO)POINT_USE : [mcht_no: 20008795][mcht_sts: A]
[2019-02-21 15:00:14,330](INFO)POINT_USE : [mbr_id: 1207151000][point: 8408]
[2019-02-21 15:00:14,338](INFO)POINT_USE : Approve info from external API: {'aprv_dy': '20190228', 'aprv_tm': '000000', 'rep_aprv_no': 'F8231231'}
[2019-02-21 15:00:14,338](INFO)POINT_USE : POINT_USE service finished at 20190221150014
[2019-02-21 15:00:14,339](INFO)POINT_USE : Elapsed time: 0.026157379150390625
[2019-02-21 15:22:48,288](INFO)POINT_USE : POINT_USE service started at 20190221152248
[2019-02-21 15:22:48,288](INFO)POINT_USE : Input data: {'crd_no': '1234123412341234', 'mcht_no': '20008795', 'deal_amt': 12}
[2019-02-21 15:22:48,302](INFO)POINT_USE : [crd_no: 1234123412341234][crd_sts: A]
[2019-02-21 15:22:48,303](INFO)POINT_USE : [crd_no: 1234123412341234][mbr_id: 1207151000]
[2019-02-21 15:22:48,304](INFO)POINT_USE : [mbr_id: 1207151000][mbr_sts: A]
[2019-02-21 15:22:48,305](INFO)POINT_USE : [mcht_no: 20008795][mcht_sts: A]
[2019-02-21 15:22:48,307](INFO)POINT_USE : [mbr_id: 1207151000][point: 8396]
[2019-02-21 15:22:48,315](INFO)POINT_USE : Approve info from external API: {'aprv_dy': '20190228', 'aprv_tm': '000000', 'rep_aprv_no': 'F8231231'}
[2019-02-21 15:22:48,316](INFO)POINT_USE : POINT_USE service finished at 20190221152248
[2019-02-21 15:22:48,316](INFO)POINT_USE : Elapsed time: 0.02747368812561035
